<?xml version="1.0" encoding="UTF-8"?>
<!-- Generated by org.testng.reporters.JUnitReportReporter -->
<testsuite hostname="DESKTOP-75G1BKT" failures="0" tests="1" name="test.TC_001_RegisterTest" time="36.226" errors="0" timestamp="2024-12-14T14:31:12 IST" skipped="0">
  <testcase classname="test.TC_001_RegisterTest" name="LoginTest" time="36.226"/>
</testsuite> <!-- test.TC_001_RegisterTest -->
