<?xml version="1.0" encoding="UTF-8"?>
<!-- Generated by org.testng.reporters.JUnitReportReporter -->
<testsuite hostname="DESKTOP-75G1BKT" failures="0" tests="1" name="test.TC_009_InvalidSelectDateYear$TC_002_LoginTest" time="6.615" errors="0" timestamp="2024-12-14T11:49:53 IST" skipped="0">
  <testcase classname="test.TC_009_InvalidSelectDateYear$TC_002_LoginTest" name="LoginTest" time="6.615"/>
</testsuite> <!-- test.TC_009_InvalidSelectDateYear$TC_002_LoginTest -->
