<?xml version="1.0" encoding="UTF-8"?>
<!-- Generated by org.testng.reporters.JUnitReportReporter -->
<testsuite hostname="DESKTOP-75G1BKT" failures="0" tests="1" name="test.TC_006_InvalidFirstNameBook" time="21.465" errors="0" timestamp="2024-12-14T15:02:33 IST" skipped="0">
  <testcase classname="test.TC_006_InvalidFirstNameBook" name="InvalidFirstNameTest" time="21.465"/>
</testsuite> <!-- test.TC_006_InvalidFirstNameBook -->
