<?xml version="1.0" encoding="UTF-8"?>
<!-- Generated by org.testng.reporters.JUnitReportReporter -->
<testsuite hostname="DESKTOP-75G1BKT" failures="0" tests="1" name="test.TC_002_LoginTest" time="30.011" errors="0" timestamp="2024-12-14T15:02:33 IST" skipped="0">
  <testcase classname="test.TC_002_LoginTest" name="LoginTest" time="30.011"/>
</testsuite> <!-- test.TC_002_LoginTest -->
